yarn run v1.22.19
warning ..\..\package.json: No license field
$ webpack --mode production
assets by status 7.75 KiB [1m[32m[cached][39m[22m 1 asset
assets by path [1m[32m*.js[39m[22m 3.98 MiB
  asset [1m[33m587.js[39m[22m [1m[33m3.88 MiB[39m[22m [1m[33m[compared for emit][39m[22m [1m[32m[minimized][39m[22m [1m[33m[big][39m[22m
  asset [1m[32m393.js[39m[22m 84.7 KiB [1m[33m[compared for emit][39m[22m [1m[32m[minimized][39m[22m (id hint: vendors)
  asset [1m[32mremoteEntry.js[39m[22m 4.78 KiB [1m[33m[compared for emit][39m[22m [1m[32m[minimized][39m[22m (name: app_4)
  asset [1m[32mmain.js[39m[22m 4.45 KiB [1m[33m[compared for emit][39m[22m [1m[32m[minimized][39m[22m (name: main)
  asset [1m[32m941.js[39m[22m 997 bytes [1m[33m[compared for emit][39m[22m [1m[32m[minimized][39m[22m
asset [1m[32mindex.html[39m[22m 334 bytes [1m[33m[compared for emit][39m[22m
runtime modules 33.1 KiB 24 modules
orphan modules 435 KiB [1m[33m[orphan][39m[22m 16 modules
built modules 4.32 MiB (javascript) 42 bytes (share-init) 42 bytes (consume-shared) [1m[33m[built][39m[22m
  cacheable modules 4.32 MiB
    modules by path [1m./node_modules/[39m[22m 440 KiB
      modules by path [1m./node_modules/style-loader/dist/runtime/*.js[39m[22m 5.75 KiB 6 modules
      modules by path [1m./node_modules/css-loader/dist/runtime/*.js[39m[22m 2.31 KiB 2 modules
      + 2 modules
    modules by path [1m./src/[39m[22m 3.89 MiB
      [1m./src/index.js[39m[22m 24 bytes [1m[33m[built][39m[22m [1m[33m[code generated][39m[22m
      [1m./src/bootloader.js + 12 modules[39m[22m 4.51 KiB [1m[33m[built][39m[22m [1m[33m[code generated][39m[22m
      + 2 modules
  [1mprovide shared module (default) vue@3.2.45 = ./node_modules/vue/dist/vue.runtime.esm-bundler.js[39m[22m 42 bytes [1m[33m[built][39m[22m [1m[33m[code generated][39m[22m
  [1mcontainer entry[39m[22m 42 bytes [1m[33m[built][39m[22m [1m[33m[code generated][39m[22m
  [1mconsume shared module (default) vue@^3.2.19 (strict) (fallback: ./node_modules/vue/dist/vue.runtime.esm-bundler.js)[39m[22m 42 bytes [1m[33m[built][39m[22m [1m[33m[code generated][39m[22m

[1m[33mWARNING[39m[22m in [1masset size limit: The following asset(s) exceed the recommended size limit (244 KiB).
This can impact web performance.
Assets: 
  587.js (3.88 MiB)[39m[22m

webpack 5.75.0 compiled with [1m[33m1 warning[39m[22m in 9692 ms
Done in 11.51s.
